<?xml version="1.0" encoding="UTF-8"?>
<!-- Generated by org.testng.reporters.JUnitXMLReporter -->
<testsuite ignored="3" hostname="DESKTOP-7J2PSR6" failures="0" tests="1" name="Default test" time="12.127" errors="0" timestamp="2025-11-03T18:12:46 IST">
  <testcase classname="MissionSelenium.tests.Test1" name="LoginTestPositive3" time="5.261"/>
  <testcase classname="MissionSelenium.tests.Test1" name="LoginTestPositive2" time="0.0">
    <ignored/>
  </testcase> <!-- LoginTestPositive2 -->
  <testcase classname="MissionSelenium.tests.Test1" name="ProdctToCartTest" time="0.0">
    <ignored/>
  </testcase> <!-- ProdctToCartTest -->
  <testcase classname="MissionSelenium.tests.Test1" name="LoginTestPositive1" time="0.0">
    <ignored/>
  </testcase> <!-- LoginTestPositive1 -->
</testsuite> <!-- Default test -->
