<?xml version="1.0" encoding="UTF-8"?>
<!-- Generated by org.testng.reporters.JUnitXMLReporter -->
<testsuite ignored="6" hostname="DESKTOP-7J2PSR6" failures="3" tests="4" name="Regression" time="32.531" errors="0" timestamp="2025-11-03T17:01:10 IST">
  <testcase classname="MissionSelenium.tests.Test1" name="LoginTestPositive2" time="0.822"/>
  <testcase classname="MissionSelenium.tests.Test1" name="ProdctToCartTest" time="5.562">
    <failure type="java.lang.AssertionError" message="expected [false] but found [true]">
      <![CDATA[java.lang.AssertionError: expected [false] but found [true]
at MissionSelenium.tests.Test1.ProdctToCartTest(Test1.java:50)
at java.base/java.util.ArrayList.forEach(ArrayList.java:1511)
... Removed 31 stack frames]]>
    </failure>
  </testcase> <!-- ProdctToCartTest -->
  <testcase classname="MissionSelenium.tests.Test1" name="ProdctToCartTest" time="4.429">
    <failure type="java.lang.AssertionError" message="expected [false] but found [true]">
      <![CDATA[java.lang.AssertionError: expected [false] but found [true]
at MissionSelenium.tests.Test1.ProdctToCartTest(Test1.java:50)
at java.base/java.util.ArrayList.forEach(ArrayList.java:1511)
... Removed 31 stack frames]]>
    </failure>
  </testcase> <!-- ProdctToCartTest -->
  <testcase classname="MissionSelenium.tests.Test1" name="ProdctToCartTest" time="5.366">
    <failure type="java.lang.AssertionError" message="expected [false] but found [true]">
      <![CDATA[java.lang.AssertionError: expected [false] but found [true]
at MissionSelenium.tests.Test1.ProdctToCartTest(Test1.java:50)
at java.base/java.util.ArrayList.forEach(ArrayList.java:1511)
... Removed 31 stack frames]]>
    </failure>
  </testcase> <!-- ProdctToCartTest -->
  <testcase classname="MissionSelenium.tests.Test2" name="LoginTestPositive4" time="0.0">
    <ignored/>
  </testcase> <!-- LoginTestPositive4 -->
  <testcase classname="MissionSelenium.tests.Test2" name="ProdctToCartTest2" time="0.0">
    <ignored/>
  </testcase> <!-- ProdctToCartTest2 -->
  <testcase classname="MissionSelenium.tests.Test2" name="LoginTestPositive5" time="0.0">
    <ignored/>
  </testcase> <!-- LoginTestPositive5 -->
  <testcase classname="MissionSelenium.tests.Test2" name="LoginTestPositive6" time="0.0">
    <ignored/>
  </testcase> <!-- LoginTestPositive6 -->
  <testcase classname="MissionSelenium.tests.Test1" name="LoginTestPositive1" time="0.0">
    <ignored/>
  </testcase> <!-- LoginTestPositive1 -->
  <testcase classname="MissionSelenium.tests.Test1" name="LoginTestPositive3" time="0.0">
    <ignored/>
  </testcase> <!-- LoginTestPositive3 -->
</testsuite> <!-- Regression -->
