<?xml version="1.0" encoding="UTF-8"?>
<!-- Generated by org.testng.reporters.JUnitXMLReporter -->
<testsuite ignored="6" hostname="DESKTOP-JVVG24D" failures="0" tests="4" name="Smoke" time="32.821" errors="0" timestamp="2023-08-21T20:06:24 IST">
  <testcase classname="MissionSelenium.tests.Test2" name="ProdctToCartTest2" time="4.741"/>
  <testcase classname="MissionSelenium.tests.Test2" name="ProdctToCartTest2" time="4.846"/>
  <testcase classname="MissionSelenium.tests.Test2" name="ProdctToCartTest2" time="4.692"/>
  <testcase classname="MissionSelenium.tests.Test1" name="LoginTestPositive1" time="1.271"/>
  <testcase classname="MissionSelenium.tests.Test1" name="LoginTestPositive2" time="0.0">
    <ignored/>
  </testcase> <!-- LoginTestPositive2 -->
  <testcase classname="MissionSelenium.tests.Test2" name="LoginTestPositive4" time="0.0">
    <ignored/>
  </testcase> <!-- LoginTestPositive4 -->
  <testcase classname="MissionSelenium.tests.Test2" name="LoginTestPositive5" time="0.0">
    <ignored/>
  </testcase> <!-- LoginTestPositive5 -->
  <testcase classname="MissionSelenium.tests.Test2" name="LoginTestPositive6" time="0.0">
    <ignored/>
  </testcase> <!-- LoginTestPositive6 -->
  <testcase classname="MissionSelenium.tests.Test1" name="ProdctToCartTest" time="0.0">
    <ignored/>
  </testcase> <!-- ProdctToCartTest -->
  <testcase classname="MissionSelenium.tests.Test1" name="LoginTestPositive3" time="0.0">
    <ignored/>
  </testcase> <!-- LoginTestPositive3 -->
</testsuite> <!-- Smoke -->
