<?xml version="1.0" encoding="UTF-8"?>
<!-- Generated by org.testng.reporters.JUnitXMLReporter -->
<testsuite ignored="0" hostname="DESKTOP-JVVG24D" failures="0" tests="6" name="Test2" time="172.571" errors="0" timestamp="2023-07-17T19:15:29 IST">
  <testcase classname="MissionSelenium.tests.Test2" name="LoginTestPositive4" time="2.439"/>
  <testcase classname="MissionSelenium.tests.Test2" name="LoginTestPositive5" time="1.811"/>
  <testcase classname="MissionSelenium.tests.Test2" name="LoginTestPositive6" time="2.224"/>
  <testcase classname="MissionSelenium.tests.Test2" name="ProdctToCartTest2" time="7.379"/>
  <testcase classname="MissionSelenium.tests.Test2" name="ProdctToCartTest2" time="5.994"/>
  <testcase classname="MissionSelenium.tests.Test2" name="ProdctToCartTest2" time="8.386"/>
</testsuite> <!-- Test2 -->
