<?xml version="1.0" encoding="UTF-8"?>
<!-- Generated by org.testng.reporters.JUnitXMLReporter -->
<testsuite ignored="0" hostname="DESKTOP-7J2PSR6" failures="0" tests="12" name="FullTest" time="107.288" errors="0" timestamp="2025-11-03T21:22:42 IST">
  <testcase classname="MissionSelenium.tests.Test1" name="LoginTestPositive1" time="2.347"/>
  <testcase classname="MissionSelenium.tests.Test1" name="LoginTestPositive2" time="6.359"/>
  <testcase classname="MissionSelenium.tests.Test1" name="LoginTestPositive3" time="5.021"/>
  <testcase classname="MissionSelenium.tests.Test1" name="ProdctToCartTest" time="5.765"/>
  <testcase classname="MissionSelenium.tests.Test1" name="ProdctToCartTest" time="4.443"/>
  <testcase classname="MissionSelenium.tests.Test1" name="ProdctToCartTest" time="6.079"/>
  <testcase classname="MissionSelenium.tests.Test2" name="LoginTestPositive4" time="1.533"/>
  <testcase classname="MissionSelenium.tests.Test2" name="LoginTestPositive5" time="0.959"/>
  <testcase classname="MissionSelenium.tests.Test2" name="LoginTestPositive6" time="1.495"/>
  <testcase classname="MissionSelenium.tests.Test2" name="ProdctToCartTest2" time="5.289"/>
  <testcase classname="MissionSelenium.tests.Test2" name="ProdctToCartTest2" time="5.548"/>
  <testcase classname="MissionSelenium.tests.Test2" name="ProdctToCartTest2" time="6.458"/>
</testsuite> <!-- FullTest -->
