<?xml version="1.0" encoding="UTF-8"?>
<testsuite xmlns:xsi="http://www.w3.org/2001/XMLSchema-instance" xsi:noNamespaceSchemaLocation="https://maven.apache.org/surefire/maven-surefire-plugin/xsd/surefire-test-report.xsd" name="TestSuite" time="110.125" tests="12" errors="0" skipped="0" failures="0">
  <properties>
[...]
</properties>
  <testcase name="LoginTestPositive1" classname="MissionSelenium.tests.Test1" time="2.379"/>
  <testcase name="LoginTestPositive2" classname="MissionSelenium.tests.Test1" time="6.365"/>
  <testcase name="LoginTestPositive3" classname="MissionSelenium.tests.Test1" time="5.011"/>
  <testcase name="ProdctToCartTest" classname="MissionSelenium.tests.Test1" time="5.772"/>
  <testcase name="ProdctToCartTest" classname="MissionSelenium.tests.Test1" time="4.445"/>
  <testcase name="ProdctToCartTest" classname="MissionSelenium.tests.Test1" time="6.08"/>
  <testcase name="LoginTestPositive4" classname="MissionSelenium.tests.Test2" time="1.532"/>
  <testcase name="LoginTestPositive5" classname="MissionSelenium.tests.Test2" time="0.964"/>
  <testcase name="LoginTestPositive6" classname="MissionSelenium.tests.Test2" time="1.497"/>
  <testcase name="ProdctToCartTest2" classname="MissionSelenium.tests.Test2" time="5.287"/>
  <testcase name="ProdctToCartTest2" classname="MissionSelenium.tests.Test2" time="5.55"/>
  <testcase name="ProdctToCartTest2" classname="MissionSelenium.tests.Test2" time="6.459"/>
</testsuite>