<?xml version="1.0" encoding="UTF-8"?>
<testng-results ignored="3" total="4" passed="1" failed="0" skipped="0">
  <reporter-output>
  </reporter-output>
  <suite started-at="2025-11-03T18:12:34 IST" name="Default suite" finished-at="2025-11-03T18:12:46 IST" duration-ms="12127">
    <groups>
      <group name="Sanity">
        <method signature="Test1.LoginTestPositive3()[pri:0, instance:MissionSelenium.tests.Test1@6d4e5011]" name="LoginTestPositive3" class="MissionSelenium.tests.Test1"/>
      </group> <!-- Sanity -->
    </groups>
    <test started-at="2025-11-03T18:12:34 IST" name="Default test" finished-at="2025-11-03T18:12:46 IST" duration-ms="12127">
      <class name="MissionSelenium.tests.Test1">
        <test-method is-config="true" signature="LaunchApplication()[pri:0, instance:MissionSelenium.tests.Test1@6d4e5011]" started-at="2025-11-03T18:12:34 IST" name="LaunchApplication" finished-at="2025-11-03T18:12:40 IST" duration-ms="6186" status="PASS">
          <reporter-output>
          </reporter-output>
        </test-method> <!-- LaunchApplication -->
        <test-method signature="LoginTestPositive3()[pri:0, instance:MissionSelenium.tests.Test1@6d4e5011]" started-at="2025-11-03T18:12:40 IST" name="LoginTestPositive3" finished-at="2025-11-03T18:12:45 IST" duration-ms="5261" status="PASS">
          <reporter-output>
          </reporter-output>
        </test-method> <!-- LoginTestPositive3 -->
        <test-method is-config="true" signature="CloseBrowser()[pri:0, instance:MissionSelenium.tests.Test1@6d4e5011]" started-at="2025-11-03T18:12:45 IST" name="CloseBrowser" finished-at="2025-11-03T18:12:46 IST" duration-ms="626" status="PASS">
          <reporter-output>
          </reporter-output>
        </test-method> <!-- CloseBrowser -->
      </class> <!-- MissionSelenium.tests.Test1 -->
    </test> <!-- Default test -->
  </suite> <!-- Default suite -->
</testng-results>
