<?xml version="1.0" encoding="UTF-8"?>
<!-- Generated by org.testng.reporters.JUnitReportReporter -->
<testsuite hostname="DESKTOP-7J2PSR6" failures="0" tests="6" name="MissionSelenium.tests.Test2" time="41.077" errors="0" timestamp="2025-11-03T17:23:26 IST" skipped="0">
  <testcase classname="MissionSelenium.tests.Test2" name="LoginTestPositive4" time="9.937"/>
  <system-out/>
  <testcase classname="MissionSelenium.tests.Test2" name="LoginTestPositive5" time="3.865"/>
  <system-out/>
  <testcase classname="MissionSelenium.tests.Test2" name="ProdctToCartTest2" time="8.196"/>
  <system-out/>
  <testcase classname="MissionSelenium.tests.Test2" name="ProdctToCartTest2" time="8.294"/>
  <system-out/>
  <testcase classname="MissionSelenium.tests.Test2" name="LoginTestPositive6" time="3.770"/>
  <system-out/>
  <testcase classname="MissionSelenium.tests.Test2" name="ProdctToCartTest2" time="7.015"/>
  <system-out/>
</testsuite> <!-- MissionSelenium.tests.Test2 -->
