<?xml version="1.0" encoding="UTF-8"?>
<!-- Generated by org.testng.reporters.JUnitReportReporter -->
<testsuite hostname="DESKTOP-7J2PSR6" failures="0" tests="6" name="MissionSelenium.tests.Test2" time="39.629" errors="0" timestamp="2025-11-03T21:22:42 IST" skipped="0">
  <testcase classname="MissionSelenium.tests.Test2" name="ProdctToCartTest2" time="7.900"/>
  <testcase classname="MissionSelenium.tests.Test2" name="LoginTestPositive6" time="4.217"/>
  <testcase classname="MissionSelenium.tests.Test2" name="LoginTestPositive4" time="4.160"/>
  <testcase classname="MissionSelenium.tests.Test2" name="ProdctToCartTest2" time="9.087"/>
  <testcase classname="MissionSelenium.tests.Test2" name="ProdctToCartTest2" time="9.621"/>
  <testcase classname="MissionSelenium.tests.Test2" name="LoginTestPositive5" time="4.644"/>
</testsuite> <!-- MissionSelenium.tests.Test2 -->
