<?xml version="1.0" encoding="UTF-8"?>
<!-- Generated by org.testng.reporters.JUnitReportReporter -->
<testsuite hostname="DESKTOP-7J2PSR6" failures="0" tests="6" name="MissionSelenium.tests.Test1" time="66.806" errors="0" timestamp="2025-11-03T21:22:42 IST" skipped="0">
  <testcase classname="MissionSelenium.tests.Test1" name="LoginTestPositive3" time="7.236"/>
  <testcase classname="MissionSelenium.tests.Test1" name="ProdctToCartTest" time="7.501"/>
  <testcase classname="MissionSelenium.tests.Test1" name="LoginTestPositive2" time="9.226"/>
  <testcase classname="MissionSelenium.tests.Test1" name="LoginTestPositive1" time="5.724"/>
  <testcase classname="MissionSelenium.tests.Test1" name="ProdctToCartTest" time="26.973"/>
  <testcase classname="MissionSelenium.tests.Test1" name="ProdctToCartTest" time="10.146"/>
</testsuite> <!-- MissionSelenium.tests.Test1 -->
